TN:
SF:/media/mate/Shared/Projects/lmms/plugins/Diginstrument/MultidimensionalNeighbourMap.hpp
FN:7,_ZN33MultidimensionalNeighbourMapEntryIfNSt7__cxx1112basic_stringIcSt11char_traitsIcESaIcEEEED2Ev
FN:12,_ZN33MultidimensionalNeighbourMapEntryIfNSt7__cxx1112basic_stringIcSt11char_traitsIcESaIcEEEEltEf.isra.57
FN:17,_ZN33MultidimensionalNeighbourMapEntryIfNSt7__cxx1112basic_stringIcSt11char_traitsIcESaIcEEEE14CompareWithKeyEfRKS6_
FN:22,_ZNK33MultidimensionalNeighbourMapEntryIfNSt7__cxx1112basic_stringIcSt11char_traitsIcESaIcEEEEltERKS6_.isra.90
FN:34,_ZNK33MultidimensionalNeighbourMapEntryIfNSt7__cxx1112basic_stringIcSt11char_traitsIcESaIcEEEE7isValueEv
FN:39,_ZNK33MultidimensionalNeighbourMapEntryIfNSt7__cxx1112basic_stringIcSt11char_traitsIcESaIcEEEE8getValueEv
FN:44,_ZN33MultidimensionalNeighbourMapEntryIfNSt7__cxx1112basic_stringIcSt11char_traitsIcESaIcEEEE8setValueERKS5_
FN:49,_ZN33MultidimensionalNeighbourMapEntryIfNSt7__cxx1112basic_stringIcSt11char_traitsIcESaIcEEEE7getNextEv
FN:55,_ZN33MultidimensionalNeighbourMapEntryIfNSt7__cxx1112basic_stringIcSt11char_traitsIcESaIcEEEEC2EfRKS5_
FN:60,_ZN33MultidimensionalNeighbourMapEntryIfNSt7__cxx1112basic_stringIcSt11char_traitsIcESaIcEEEEC2Ef
FN:63,_ZN33MultidimensionalNeighbourMapEntryIfNSt7__cxx1112basic_stringIcSt11char_traitsIcESaIcEEEEC2Ev
FN:72,_ZN28MultidimensionalNeighbourMapIfNSt7__cxx1112basic_stringIcSt11char_traitsIcESaIcEEEED2Ev
FN:72,_ZN28MultidimensionalNeighbourMapIfNSt7__cxx1112basic_stringIcSt11char_traitsIcESaIcEEEEC2Ev
FN:77,_ZNK28MultidimensionalNeighbourMapIfNSt7__cxx1112basic_stringIcSt11char_traitsIcESaIcEEEE13getDimensionsEv.isra.17
FN:93,_ZN33MultidimensionalNeighbourMapEntryIfNSt7__cxx1112basic_stringIcSt11char_traitsIcESaIcEEEEaSERKS6_
FN:103,_ZN33MultidimensionalNeighbourMapEntryIfNSt7__cxx1112basic_stringIcSt11char_traitsIcESaIcEEEEC2ERKS6_
FN:112,_ZN28MultidimensionalNeighbourMapIfNSt7__cxx1112basic_stringIcSt11char_traitsIcESaIcEEEE28findNeighboursOnOneDimensionERSt6vectorI33MultidimensionalNeighbourMapEntryIfS5_ESaIS9_EERKf
FN:135,_ZN28MultidimensionalNeighbourMapIfNSt7__cxx1112basic_stringIcSt11char_traitsIcESaIcEEEE6insertERKS5_RKSt6vectorIfSaIfEE
FN:181,_ZN28MultidimensionalNeighbourMapIfNSt7__cxx1112basic_stringIcSt11char_traitsIcESaIcEEEE13getNeighboursERKSt6vectorIfSaIfEE
FN:192,_ZN28MultidimensionalNeighbourMapIfNSt7__cxx1112basic_stringIcSt11char_traitsIcESaIcEEEE26getNeighboursRecursiveCallERSt6vectorI33MultidimensionalNeighbourMapEntryIfS5_ESaIS9_EERKS7_IfSaIfEEjRS7_IS5_SaIS5_EE
FN:215,_ZN28MultidimensionalNeighbourMapIfNSt7__cxx1112basic_stringIcSt11char_traitsIcESaIcEEEE5clearEv
FNDA:1202,_ZN33MultidimensionalNeighbourMapEntryIfNSt7__cxx1112basic_stringIcSt11char_traitsIcESaIcEEEED2Ev
FNDA:684,_ZN33MultidimensionalNeighbourMapEntryIfNSt7__cxx1112basic_stringIcSt11char_traitsIcESaIcEEEEltEf.isra.57
FNDA:30,_ZN33MultidimensionalNeighbourMapEntryIfNSt7__cxx1112basic_stringIcSt11char_traitsIcESaIcEEEE14CompareWithKeyEfRKS6_
FNDA:204,_ZNK33MultidimensionalNeighbourMapEntryIfNSt7__cxx1112basic_stringIcSt11char_traitsIcESaIcEEEEltERKS6_.isra.90
FNDA:86,_ZNK33MultidimensionalNeighbourMapEntryIfNSt7__cxx1112basic_stringIcSt11char_traitsIcESaIcEEEE7isValueEv
FNDA:24,_ZNK33MultidimensionalNeighbourMapEntryIfNSt7__cxx1112basic_stringIcSt11char_traitsIcESaIcEEEE8getValueEv
FNDA:2,_ZN33MultidimensionalNeighbourMapEntryIfNSt7__cxx1112basic_stringIcSt11char_traitsIcESaIcEEEE8setValueERKS5_
FNDA:200,_ZN33MultidimensionalNeighbourMapEntryIfNSt7__cxx1112basic_stringIcSt11char_traitsIcESaIcEEEE7getNextEv
FNDA:180,_ZN33MultidimensionalNeighbourMapEntryIfNSt7__cxx1112basic_stringIcSt11char_traitsIcESaIcEEEEC2EfRKS5_
FNDA:140,_ZN33MultidimensionalNeighbourMapEntryIfNSt7__cxx1112basic_stringIcSt11char_traitsIcESaIcEEEEC2Ef
FNDA:0,_ZN33MultidimensionalNeighbourMapEntryIfNSt7__cxx1112basic_stringIcSt11char_traitsIcESaIcEEEEC2Ev
FNDA:22,_ZN28MultidimensionalNeighbourMapIfNSt7__cxx1112basic_stringIcSt11char_traitsIcESaIcEEEED2Ev
FNDA:22,_ZN28MultidimensionalNeighbourMapIfNSt7__cxx1112basic_stringIcSt11char_traitsIcESaIcEEEEC2Ev
FNDA:8,_ZNK28MultidimensionalNeighbourMapIfNSt7__cxx1112basic_stringIcSt11char_traitsIcESaIcEEEE13getDimensionsEv.isra.17
FNDA:402,_ZN33MultidimensionalNeighbourMapEntryIfNSt7__cxx1112basic_stringIcSt11char_traitsIcESaIcEEEEaSERKS6_
FNDA:882,_ZN33MultidimensionalNeighbourMapEntryIfNSt7__cxx1112basic_stringIcSt11char_traitsIcESaIcEEEEC2ERKS6_
FNDA:32,_ZN28MultidimensionalNeighbourMapIfNSt7__cxx1112basic_stringIcSt11char_traitsIcESaIcEEEE28findNeighboursOnOneDimensionERSt6vectorI33MultidimensionalNeighbourMapEntryIfS5_ESaIS9_EERKf
FNDA:182,_ZN28MultidimensionalNeighbourMapIfNSt7__cxx1112basic_stringIcSt11char_traitsIcESaIcEEEE6insertERKS5_RKSt6vectorIfSaIfEE
FNDA:14,_ZN28MultidimensionalNeighbourMapIfNSt7__cxx1112basic_stringIcSt11char_traitsIcESaIcEEEE13getNeighboursERKSt6vectorIfSaIfEE
FNDA:32,_ZN28MultidimensionalNeighbourMapIfNSt7__cxx1112basic_stringIcSt11char_traitsIcESaIcEEEE26getNeighboursRecursiveCallERSt6vectorI33MultidimensionalNeighbourMapEntryIfS5_ESaIS9_EERKS7_IfSaIfEEjRS7_IS5_SaIS5_EE
FNDA:2,_ZN28MultidimensionalNeighbourMapIfNSt7__cxx1112basic_stringIcSt11char_traitsIcESaIcEEEE5clearEv
FNF:21
FNH:20
BRDA:55,1,2,180
BRDA:55,1,3,0
BRDA:57,0,1,180
BRDA:57,0,2,0
BRDA:60,1,2,140
BRDA:60,1,3,0
BRDA:63,1,2,-
BRDA:63,1,3,-
BRDA:96,0,0,162
BRDA:96,0,1,240
BRDA:105,4294967295,0,482
BRDA:105,4294967295,1,400
BRDA:106,0,1,482
BRDA:106,0,2,0
BRDA:107,0,1,882
BRDA:107,0,2,0
BRDA:115,4294967295,0,18
BRDA:115,4294967295,1,14
BRDA:120,0,1,2
BRDA:120,0,2,12
BRDA:126,4294967295,1,2
BRDA:126,4294967295,2,10
BRDA:137,0,0,20
BRDA:137,0,1,162
BRDA:137,1,2,20
BRDA:137,1,3,0
BRDA:140,1,4,364
BRDA:140,1,5,180
BRDA:146,4294967295,1,84
BRDA:146,4294967295,2,280
BRDA:146,0,3,40
BRDA:146,0,4,44
BRDA:148,0,0,2
BRDA:148,0,1,42
BRDA:151,0,1,2
BRDA:151,0,2,0
BRDA:152,0,6,2
BRDA:152,0,7,0
BRDA:162,0,0,180
BRDA:162,0,1,140
BRDA:165,0,1,180
BRDA:165,0,2,0
BRDA:165,1,4,180
BRDA:165,1,5,0
BRDA:166,4294967295,6,180
BRDA:166,4294967295,7,0
BRDA:169,0,1,140
BRDA:169,0,2,0
BRDA:169,1,4,140
BRDA:169,1,5,0
BRDA:170,4294967295,6,140
BRDA:170,4294967295,7,0
BRDA:175,0,0,20
BRDA:175,0,1,300
BRDA:185,4294967295,0,0
BRDA:185,4294967295,1,14
BRDA:186,0,1,14
BRDA:186,0,2,0
BRDA:187,0,1,14
BRDA:187,0,2,0
BRDA:198,4294967295,0,30
BRDA:198,4294967295,1,2
BRDA:199,0,0,18
BRDA:199,0,1,12
BRDA:205,0,0,12
BRDA:205,0,1,20
BRDA:206,0,0,6
BRDA:206,0,1,6
BRF:68
BRH:49
DA:7,2404
DA:12,1368
DA:14,684
DA:17,30
DA:19,30
DA:22,408
DA:24,204
DA:34,86
DA:36,86
DA:39,24
DA:41,24
DA:44,2
DA:46,2
DA:47,2
DA:49,200
DA:51,200
DA:55,360
DA:57,180
DA:58,180
DA:60,140
DA:63,0
DA:72,88
DA:77,16
DA:93,402
DA:95,402
DA:96,402
DA:97,162
DA:98,402
DA:99,402
DA:103,1764
DA:105,882
DA:106,482
DA:107,882
DA:108,882
DA:112,32
DA:114,32
DA:115,32
DA:118,18
DA:120,14
DA:123,2
DA:125,12
DA:126,12
DA:129,2
DA:131,10
DA:135,182
DA:137,182
DA:138,182
DA:139,182
DA:140,546
DA:142,364
DA:143,364
DA:144,364
DA:146,364
DA:148,44
DA:151,2
DA:152,2
DA:153,2
DA:156,42
DA:162,320
DA:165,180
DA:166,180
DA:169,140
DA:170,140
DA:172,140
DA:175,320
DA:181,14
DA:183,28
DA:185,14
DA:186,14
DA:187,14
DA:188,14
DA:192,32
DA:197,32
DA:198,32
DA:199,30
DA:200,18
DA:202,12
DA:205,32
DA:206,12
DA:207,6
DA:209,6
DA:212,32
DA:215,2
DA:217,2
DA:218,2
DA:219,2
LF:86
LH:85
end_of_record
SF:/media/mate/Shared/Projects/lmms/plugins/Diginstrument/test/MultidimensionalNeighbourMapTest.cpp
FN:7,_ZN12_GLOBAL__N_132MultidimensionalNeighbourMapTestD2Ev
FN:10,_ZN12_GLOBAL__N_132MultidimensionalNeighbourMapTest5SetUpEv
FN:22,_ZN12_GLOBAL__N_132MultidimensionalNeighbourMapTest8TearDownEv
FN:26,_ZN12_GLOBAL__N_132MultidimensionalNeighbourMapTestC2Ev
FN:29,_ZN12_GLOBAL__N_149MultidimensionalNeighbourMapTest_Constructor_TestD0Ev
FN:29,_ZN12_GLOBAL__N_149MultidimensionalNeighbourMapTest_Constructor_TestC2Ev
FN:29,_ZN12_GLOBAL__N_149MultidimensionalNeighbourMapTest_Constructor_Test8TestBodyEv
FN:29,_ZN12_GLOBAL__N_149MultidimensionalNeighbourMapTest_Constructor_TestD2Ev
FN:35,_ZN12_GLOBAL__N_148MultidimensionalNeighbourMapTest_Dimensions_Test8TestBodyEv
FN:35,_ZN12_GLOBAL__N_148MultidimensionalNeighbourMapTest_Dimensions_TestD0Ev
FN:35,_ZN12_GLOBAL__N_148MultidimensionalNeighbourMapTest_Dimensions_TestC2Ev
FN:35,_ZN12_GLOBAL__N_148MultidimensionalNeighbourMapTest_Dimensions_TestD2Ev
FN:40,_ZN12_GLOBAL__N_143MultidimensionalNeighbourMapTest_Clear_TestC2Ev
FN:40,_ZN12_GLOBAL__N_143MultidimensionalNeighbourMapTest_Clear_TestD0Ev
FN:40,_ZN12_GLOBAL__N_143MultidimensionalNeighbourMapTest_Clear_Test8TestBodyEv
FN:40,_ZN12_GLOBAL__N_143MultidimensionalNeighbourMapTest_Clear_TestD2Ev
FN:47,_ZN12_GLOBAL__N_148MultidimensionalNeighbourMapTest_ExactMatch_Test8TestBodyEv
FN:47,_ZN12_GLOBAL__N_148MultidimensionalNeighbourMapTest_ExactMatch_TestD2Ev
FN:47,_ZN12_GLOBAL__N_148MultidimensionalNeighbourMapTest_ExactMatch_TestD0Ev
FN:47,_ZN12_GLOBAL__N_148MultidimensionalNeighbourMapTest_ExactMatch_TestC2Ev
FN:54,_ZN12_GLOBAL__N_152MultidimensionalNeighbourMapTest_OutOfBoundsLow_TestD2Ev
FN:54,_ZN12_GLOBAL__N_152MultidimensionalNeighbourMapTest_OutOfBoundsLow_TestC2Ev
FN:54,_ZN12_GLOBAL__N_152MultidimensionalNeighbourMapTest_OutOfBoundsLow_TestD0Ev
FN:54,_ZN12_GLOBAL__N_152MultidimensionalNeighbourMapTest_OutOfBoundsLow_Test8TestBodyEv
FN:61,_ZN12_GLOBAL__N_153MultidimensionalNeighbourMapTest_OutOfBoundsHigh_TestD0Ev
FN:61,_ZN12_GLOBAL__N_153MultidimensionalNeighbourMapTest_OutOfBoundsHigh_Test8TestBodyEv
FN:61,_ZN12_GLOBAL__N_153MultidimensionalNeighbourMapTest_OutOfBoundsHigh_TestD2Ev
FN:61,_ZN12_GLOBAL__N_153MultidimensionalNeighbourMapTest_OutOfBoundsHigh_TestC2Ev
FN:68,_ZN12_GLOBAL__N_160MultidimensionalNeighbourMapTest_ExactOnSecondDimension_Test8TestBodyEv
FN:68,_ZN12_GLOBAL__N_160MultidimensionalNeighbourMapTest_ExactOnSecondDimension_TestC2Ev
FN:68,_ZN12_GLOBAL__N_160MultidimensionalNeighbourMapTest_ExactOnSecondDimension_TestD0Ev
FN:68,_ZN12_GLOBAL__N_160MultidimensionalNeighbourMapTest_ExactOnSecondDimension_TestD2Ev
FN:76,_ZN12_GLOBAL__N_159MultidimensionalNeighbourMapTest_ExactOnFirstDimension_TestD2Ev
FN:76,_ZN12_GLOBAL__N_159MultidimensionalNeighbourMapTest_ExactOnFirstDimension_Test8TestBodyEv
FN:76,_ZN12_GLOBAL__N_159MultidimensionalNeighbourMapTest_ExactOnFirstDimension_TestD0Ev
FN:76,_ZN12_GLOBAL__N_159MultidimensionalNeighbourMapTest_ExactOnFirstDimension_TestC2Ev
FN:84,_ZN12_GLOBAL__N_152MultidimensionalNeighbourMapTest_FullNeighbours_TestD2Ev
FN:84,_ZN12_GLOBAL__N_152MultidimensionalNeighbourMapTest_FullNeighbours_TestD0Ev
FN:84,_ZN12_GLOBAL__N_152MultidimensionalNeighbourMapTest_FullNeighbours_TestC2Ev
FN:84,_ZN12_GLOBAL__N_152MultidimensionalNeighbourMapTest_FullNeighbours_Test8TestBodyEv
FN:94,_ZN12_GLOBAL__N_147MultidimensionalNeighbourMapTest_Overwrite_Test8TestBodyEv
FN:94,_ZN12_GLOBAL__N_147MultidimensionalNeighbourMapTest_Overwrite_TestD2Ev
FN:94,_ZN12_GLOBAL__N_147MultidimensionalNeighbourMapTest_Overwrite_TestC2Ev
FN:94,_ZN12_GLOBAL__N_147MultidimensionalNeighbourMapTest_Overwrite_TestD0Ev
FN:102,_GLOBAL__sub_I_MultidimensionalNeighbourMapTest.cpp
FN:102,_Z41__static_initialization_and_destruction_0ii
FNDA:20,_ZN12_GLOBAL__N_132MultidimensionalNeighbourMapTestD2Ev
FNDA:20,_ZN12_GLOBAL__N_132MultidimensionalNeighbourMapTest5SetUpEv
FNDA:20,_ZN12_GLOBAL__N_132MultidimensionalNeighbourMapTest8TearDownEv
FNDA:20,_ZN12_GLOBAL__N_132MultidimensionalNeighbourMapTestC2Ev
FNDA:2,_ZN12_GLOBAL__N_149MultidimensionalNeighbourMapTest_Constructor_TestD0Ev
FNDA:2,_ZN12_GLOBAL__N_149MultidimensionalNeighbourMapTest_Constructor_TestD2Ev
FNDA:2,_ZN12_GLOBAL__N_149MultidimensionalNeighbourMapTest_Constructor_Test8TestBodyEv
FNDA:2,_ZN12_GLOBAL__N_149MultidimensionalNeighbourMapTest_Constructor_TestC2Ev
FNDA:2,_ZN12_GLOBAL__N_148MultidimensionalNeighbourMapTest_Dimensions_TestD0Ev
FNDA:2,_ZN12_GLOBAL__N_148MultidimensionalNeighbourMapTest_Dimensions_TestD2Ev
FNDA:2,_ZN12_GLOBAL__N_148MultidimensionalNeighbourMapTest_Dimensions_Test8TestBodyEv
FNDA:2,_ZN12_GLOBAL__N_148MultidimensionalNeighbourMapTest_Dimensions_TestC2Ev
FNDA:2,_ZN12_GLOBAL__N_143MultidimensionalNeighbourMapTest_Clear_TestD0Ev
FNDA:2,_ZN12_GLOBAL__N_143MultidimensionalNeighbourMapTest_Clear_TestD2Ev
FNDA:2,_ZN12_GLOBAL__N_143MultidimensionalNeighbourMapTest_Clear_Test8TestBodyEv
FNDA:2,_ZN12_GLOBAL__N_143MultidimensionalNeighbourMapTest_Clear_TestC2Ev
FNDA:2,_ZN12_GLOBAL__N_148MultidimensionalNeighbourMapTest_ExactMatch_TestD0Ev
FNDA:2,_ZN12_GLOBAL__N_148MultidimensionalNeighbourMapTest_ExactMatch_TestD2Ev
FNDA:2,_ZN12_GLOBAL__N_148MultidimensionalNeighbourMapTest_ExactMatch_Test8TestBodyEv
FNDA:2,_ZN12_GLOBAL__N_148MultidimensionalNeighbourMapTest_ExactMatch_TestC2Ev
FNDA:2,_ZN12_GLOBAL__N_152MultidimensionalNeighbourMapTest_OutOfBoundsLow_TestD0Ev
FNDA:2,_ZN12_GLOBAL__N_152MultidimensionalNeighbourMapTest_OutOfBoundsLow_TestD2Ev
FNDA:2,_ZN12_GLOBAL__N_152MultidimensionalNeighbourMapTest_OutOfBoundsLow_Test8TestBodyEv
FNDA:2,_ZN12_GLOBAL__N_152MultidimensionalNeighbourMapTest_OutOfBoundsLow_TestC2Ev
FNDA:2,_ZN12_GLOBAL__N_153MultidimensionalNeighbourMapTest_OutOfBoundsHigh_TestD0Ev
FNDA:2,_ZN12_GLOBAL__N_153MultidimensionalNeighbourMapTest_OutOfBoundsHigh_TestD2Ev
FNDA:2,_ZN12_GLOBAL__N_153MultidimensionalNeighbourMapTest_OutOfBoundsHigh_Test8TestBodyEv
FNDA:2,_ZN12_GLOBAL__N_153MultidimensionalNeighbourMapTest_OutOfBoundsHigh_TestC2Ev
FNDA:2,_ZN12_GLOBAL__N_160MultidimensionalNeighbourMapTest_ExactOnSecondDimension_TestD0Ev
FNDA:2,_ZN12_GLOBAL__N_160MultidimensionalNeighbourMapTest_ExactOnSecondDimension_TestD2Ev
FNDA:2,_ZN12_GLOBAL__N_160MultidimensionalNeighbourMapTest_ExactOnSecondDimension_Test8TestBodyEv
FNDA:2,_ZN12_GLOBAL__N_160MultidimensionalNeighbourMapTest_ExactOnSecondDimension_TestC2Ev
FNDA:2,_ZN12_GLOBAL__N_159MultidimensionalNeighbourMapTest_ExactOnFirstDimension_TestD0Ev
FNDA:2,_ZN12_GLOBAL__N_159MultidimensionalNeighbourMapTest_ExactOnFirstDimension_TestD2Ev
FNDA:2,_ZN12_GLOBAL__N_159MultidimensionalNeighbourMapTest_ExactOnFirstDimension_Test8TestBodyEv
FNDA:2,_ZN12_GLOBAL__N_159MultidimensionalNeighbourMapTest_ExactOnFirstDimension_TestC2Ev
FNDA:2,_ZN12_GLOBAL__N_152MultidimensionalNeighbourMapTest_FullNeighbours_TestD0Ev
FNDA:2,_ZN12_GLOBAL__N_152MultidimensionalNeighbourMapTest_FullNeighbours_TestD2Ev
FNDA:2,_ZN12_GLOBAL__N_152MultidimensionalNeighbourMapTest_FullNeighbours_Test8TestBodyEv
FNDA:2,_ZN12_GLOBAL__N_152MultidimensionalNeighbourMapTest_FullNeighbours_TestC2Ev
FNDA:2,_ZN12_GLOBAL__N_147MultidimensionalNeighbourMapTest_Overwrite_TestD0Ev
FNDA:2,_ZN12_GLOBAL__N_147MultidimensionalNeighbourMapTest_Overwrite_TestD2Ev
FNDA:2,_ZN12_GLOBAL__N_147MultidimensionalNeighbourMapTest_Overwrite_Test8TestBodyEv
FNDA:2,_ZN12_GLOBAL__N_147MultidimensionalNeighbourMapTest_Overwrite_TestC2Ev
FNDA:2,_GLOBAL__sub_I_MultidimensionalNeighbourMapTest.cpp
FNDA:2,_Z41__static_initialization_and_destruction_0ii
FNF:46
FNH:46
BRDA:12,0,1,20
BRDA:12,0,2,0
BRDA:12,1,4,20
BRDA:12,1,5,0
BRDA:12,2,7,20
BRDA:12,2,8,0
BRDA:13,4294967295,1,20
BRDA:13,4294967295,2,0
BRDA:13,0,4,20
BRDA:13,0,5,0
BRDA:13,1,7,20
BRDA:13,1,8,0
BRDA:14,4294967295,1,20
BRDA:14,4294967295,2,0
BRDA:14,0,4,20
BRDA:14,0,5,0
BRDA:14,1,7,20
BRDA:14,1,8,0
BRDA:15,4294967295,1,20
BRDA:15,4294967295,2,0
BRDA:15,0,4,20
BRDA:15,0,5,0
BRDA:15,1,7,20
BRDA:15,1,8,0
BRDA:16,4294967295,1,20
BRDA:16,4294967295,2,0
BRDA:16,0,4,20
BRDA:16,0,5,0
BRDA:16,1,7,20
BRDA:16,1,8,0
BRDA:17,4294967295,1,20
BRDA:17,4294967295,2,0
BRDA:17,0,4,20
BRDA:17,0,5,0
BRDA:17,1,7,20
BRDA:17,1,8,0
BRDA:18,4294967295,1,20
BRDA:18,4294967295,2,0
BRDA:18,0,4,20
BRDA:18,0,5,0
BRDA:18,1,7,20
BRDA:18,1,8,0
BRDA:19,4294967295,1,20
BRDA:19,4294967295,2,0
BRDA:19,0,4,20
BRDA:19,0,5,0
BRDA:19,1,7,20
BRDA:19,1,8,0
BRDA:20,4294967295,1,20
BRDA:20,4294967295,2,0
BRDA:20,0,4,20
BRDA:20,0,5,0
BRDA:20,1,7,20
BRDA:20,1,8,0
BRDA:29,4294967295,5,2
BRDA:29,4294967295,6,0
BRDA:29,0,8,2
BRDA:29,0,9,0
BRDA:29,1,12,2
BRDA:29,1,13,0
BRDA:32,4294967295,1,2
BRDA:32,4294967295,2,0
BRDA:32,0,4,2
BRDA:32,0,5,0
BRDA:32,1,7,0
BRDA:32,1,8,2
BRDA:32,2,10,-
BRDA:32,2,11,-
BRDA:32,3,13,-
BRDA:32,3,14,-
BRDA:32,4,16,-
BRDA:32,4,17,-
BRDA:35,4294967295,5,2
BRDA:35,4294967295,6,0
BRDA:35,0,8,2
BRDA:35,0,9,0
BRDA:35,1,12,2
BRDA:35,1,13,0
BRDA:37,0,1,2
BRDA:37,0,2,0
BRDA:37,1,4,2
BRDA:37,1,5,0
BRDA:37,2,7,0
BRDA:37,2,8,2
BRDA:37,3,10,-
BRDA:37,3,11,-
BRDA:37,4,13,-
BRDA:37,4,14,-
BRDA:37,5,16,-
BRDA:37,5,17,-
BRDA:40,4294967295,5,2
BRDA:40,4294967295,6,0
BRDA:40,0,8,2
BRDA:40,0,9,0
BRDA:40,1,12,2
BRDA:40,1,13,0
BRDA:42,0,1,2
BRDA:42,0,2,0
BRDA:42,1,4,2
BRDA:42,1,5,0
BRDA:42,2,7,0
BRDA:42,2,8,2
BRDA:42,3,10,-
BRDA:42,3,11,-
BRDA:42,4,13,-
BRDA:42,4,14,-
BRDA:42,5,16,-
BRDA:42,5,17,-
BRDA:44,4294967295,1,2
BRDA:44,4294967295,2,0
BRDA:44,0,4,2
BRDA:44,0,5,0
BRDA:44,1,7,0
BRDA:44,1,8,2
BRDA:44,2,10,-
BRDA:44,2,11,-
BRDA:44,3,13,-
BRDA:44,3,14,-
BRDA:44,4,16,-
BRDA:44,4,17,-
BRDA:47,4294967295,5,2
BRDA:47,4294967295,6,0
BRDA:47,0,8,2
BRDA:47,0,9,0
BRDA:47,1,12,2
BRDA:47,1,13,0
BRDA:49,0,1,2
BRDA:49,0,2,0
BRDA:49,1,4,2
BRDA:49,1,5,0
BRDA:50,4294967295,1,2
BRDA:50,4294967295,2,0
BRDA:50,0,4,2
BRDA:50,0,5,0
BRDA:50,1,7,0
BRDA:50,1,8,2
BRDA:50,2,10,-
BRDA:50,2,11,-
BRDA:50,3,13,-
BRDA:50,3,14,-
BRDA:50,4,16,-
BRDA:50,4,17,-
BRDA:51,4294967295,2,2
BRDA:51,4294967295,3,0
BRDA:51,0,5,2
BRDA:51,0,6,0
BRDA:51,1,8,0
BRDA:51,1,9,2
BRDA:51,2,11,-
BRDA:51,2,12,-
BRDA:51,3,14,-
BRDA:51,3,15,-
BRDA:51,4,17,-
BRDA:51,4,18,-
BRDA:54,4294967295,5,2
BRDA:54,4294967295,6,0
BRDA:54,0,8,2
BRDA:54,0,9,0
BRDA:54,1,12,2
BRDA:54,1,13,0
BRDA:56,0,1,2
BRDA:56,0,2,0
BRDA:56,1,4,2
BRDA:56,1,5,0
BRDA:57,4294967295,1,2
BRDA:57,4294967295,2,0
BRDA:57,0,4,2
BRDA:57,0,5,0
BRDA:57,1,7,0
BRDA:57,1,8,2
BRDA:57,2,10,-
BRDA:57,2,11,-
BRDA:57,3,13,-
BRDA:57,3,14,-
BRDA:57,4,16,-
BRDA:57,4,17,-
BRDA:58,4294967295,2,2
BRDA:58,4294967295,3,0
BRDA:58,0,5,2
BRDA:58,0,6,0
BRDA:58,1,8,0
BRDA:58,1,9,2
BRDA:58,2,11,-
BRDA:58,2,12,-
BRDA:58,3,14,-
BRDA:58,3,15,-
BRDA:58,4,17,-
BRDA:58,4,18,-
BRDA:61,4294967295,5,2
BRDA:61,4294967295,6,0
BRDA:61,0,8,2
BRDA:61,0,9,0
BRDA:61,1,12,2
BRDA:61,1,13,0
BRDA:63,0,1,2
BRDA:63,0,2,0
BRDA:63,1,4,2
BRDA:63,1,5,0
BRDA:64,4294967295,1,2
BRDA:64,4294967295,2,0
BRDA:64,0,4,2
BRDA:64,0,5,0
BRDA:64,1,7,0
BRDA:64,1,8,2
BRDA:64,2,10,-
BRDA:64,2,11,-
BRDA:64,3,13,-
BRDA:64,3,14,-
BRDA:64,4,16,-
BRDA:64,4,17,-
BRDA:65,4294967295,2,2
BRDA:65,4294967295,3,0
BRDA:65,0,5,2
BRDA:65,0,6,0
BRDA:65,1,8,0
BRDA:65,1,9,2
BRDA:65,2,11,-
BRDA:65,2,12,-
BRDA:65,3,14,-
BRDA:65,3,15,-
BRDA:65,4,17,-
BRDA:65,4,18,-
BRDA:68,4294967295,5,2
BRDA:68,4294967295,6,0
BRDA:68,0,8,2
BRDA:68,0,9,0
BRDA:68,1,12,2
BRDA:68,1,13,0
BRDA:70,0,1,2
BRDA:70,0,2,0
BRDA:70,1,4,2
BRDA:70,1,5,0
BRDA:71,4294967295,1,2
BRDA:71,4294967295,2,0
BRDA:71,0,4,2
BRDA:71,0,5,0
BRDA:71,1,7,0
BRDA:71,1,8,2
BRDA:71,2,10,-
BRDA:71,2,11,-
BRDA:71,3,13,-
BRDA:71,3,14,-
BRDA:71,4,16,-
BRDA:71,4,17,-
BRDA:72,4294967295,2,2
BRDA:72,4294967295,3,0
BRDA:72,0,5,2
BRDA:72,0,6,0
BRDA:72,1,8,0
BRDA:72,1,9,2
BRDA:72,2,11,-
BRDA:72,2,12,-
BRDA:72,3,14,-
BRDA:72,3,15,-
BRDA:72,4,17,-
BRDA:72,4,18,-
BRDA:73,4294967295,2,2
BRDA:73,4294967295,3,0
BRDA:73,0,5,2
BRDA:73,0,6,0
BRDA:73,1,8,0
BRDA:73,1,9,2
BRDA:73,2,11,-
BRDA:73,2,12,-
BRDA:73,3,14,-
BRDA:73,3,15,-
BRDA:73,4,17,-
BRDA:73,4,18,-
BRDA:76,4294967295,5,2
BRDA:76,4294967295,6,0
BRDA:76,0,8,2
BRDA:76,0,9,0
BRDA:76,1,12,2
BRDA:76,1,13,0
BRDA:78,0,1,2
BRDA:78,0,2,0
BRDA:78,1,4,2
BRDA:78,1,5,0
BRDA:79,4294967295,1,2
BRDA:79,4294967295,2,0
BRDA:79,0,4,2
BRDA:79,0,5,0
BRDA:79,1,7,0
BRDA:79,1,8,2
BRDA:79,2,10,-
BRDA:79,2,11,-
BRDA:79,3,13,-
BRDA:79,3,14,-
BRDA:79,4,16,-
BRDA:79,4,17,-
BRDA:80,4294967295,2,2
BRDA:80,4294967295,3,0
BRDA:80,0,5,2
BRDA:80,0,6,0
BRDA:80,1,8,0
BRDA:80,1,9,2
BRDA:80,2,11,-
BRDA:80,2,12,-
BRDA:80,3,14,-
BRDA:80,3,15,-
BRDA:80,4,17,-
BRDA:80,4,18,-
BRDA:81,4294967295,2,2
BRDA:81,4294967295,3,0
BRDA:81,0,5,2
BRDA:81,0,6,0
BRDA:81,1,8,0
BRDA:81,1,9,2
BRDA:81,2,11,-
BRDA:81,2,12,-
BRDA:81,3,14,-
BRDA:81,3,15,-
BRDA:81,4,17,-
BRDA:81,4,18,-
BRDA:84,4294967295,5,2
BRDA:84,4294967295,6,0
BRDA:84,0,8,2
BRDA:84,0,9,0
BRDA:84,1,12,2
BRDA:84,1,13,0
BRDA:86,0,1,2
BRDA:86,0,2,0
BRDA:86,1,4,2
BRDA:86,1,5,0
BRDA:87,4294967295,1,2
BRDA:87,4294967295,2,0
BRDA:87,0,4,2
BRDA:87,0,5,0
BRDA:87,1,7,0
BRDA:87,1,8,2
BRDA:87,2,10,-
BRDA:87,2,11,-
BRDA:87,3,13,-
BRDA:87,3,14,-
BRDA:87,4,16,-
BRDA:87,4,17,-
BRDA:88,4294967295,2,2
BRDA:88,4294967295,3,0
BRDA:88,0,5,2
BRDA:88,0,6,0
BRDA:88,1,8,0
BRDA:88,1,9,2
BRDA:88,2,11,-
BRDA:88,2,12,-
BRDA:88,3,14,-
BRDA:88,3,15,-
BRDA:88,4,17,-
BRDA:88,4,18,-
BRDA:89,4294967295,1,2
BRDA:89,4294967295,2,0
BRDA:89,0,4,2
BRDA:89,0,5,0
BRDA:89,1,7,0
BRDA:89,1,8,2
BRDA:89,2,10,-
BRDA:89,2,11,-
BRDA:89,3,13,-
BRDA:89,3,14,-
BRDA:89,4,16,-
BRDA:89,4,17,-
BRDA:90,4294967295,1,2
BRDA:90,4294967295,2,0
BRDA:90,0,4,2
BRDA:90,0,5,0
BRDA:90,1,7,0
BRDA:90,1,8,2
BRDA:90,2,10,-
BRDA:90,2,11,-
BRDA:90,3,13,-
BRDA:90,3,14,-
BRDA:90,4,16,-
BRDA:90,4,17,-
BRDA:91,4294967295,2,2
BRDA:91,4294967295,3,0
BRDA:91,0,5,2
BRDA:91,0,6,0
BRDA:91,1,8,0
BRDA:91,1,9,2
BRDA:91,2,11,-
BRDA:91,2,12,-
BRDA:91,3,14,-
BRDA:91,3,15,-
BRDA:91,4,17,-
BRDA:91,4,18,-
BRDA:94,4294967295,5,2
BRDA:94,4294967295,6,0
BRDA:94,0,8,2
BRDA:94,0,9,0
BRDA:94,1,12,2
BRDA:94,1,13,0
BRDA:96,0,1,2
BRDA:96,0,2,0
BRDA:96,1,4,2
BRDA:96,1,5,0
BRDA:96,2,7,2
BRDA:96,2,8,0
BRDA:97,4294967295,1,2
BRDA:97,4294967295,2,0
BRDA:97,0,4,2
BRDA:97,0,5,0
BRDA:98,4294967295,1,2
BRDA:98,4294967295,2,0
BRDA:98,0,4,2
BRDA:98,0,5,0
BRDA:98,1,7,0
BRDA:98,1,8,2
BRDA:98,2,10,-
BRDA:98,2,11,-
BRDA:98,3,13,-
BRDA:98,3,14,-
BRDA:98,4,16,-
BRDA:98,4,17,-
BRDA:99,4294967295,2,2
BRDA:99,4294967295,3,0
BRDA:99,0,5,2
BRDA:99,0,6,0
BRDA:99,1,8,0
BRDA:99,1,9,2
BRDA:99,2,11,-
BRDA:99,2,12,-
BRDA:99,3,14,-
BRDA:99,3,15,-
BRDA:99,4,17,-
BRDA:99,4,18,-
BRDA:102,3,1,2
BRDA:102,3,2,0
BRDA:102,4,3,2
BRDA:102,4,4,0
BRF:428
BRH:145
DA:7,40
DA:10,20
DA:12,20
DA:13,20
DA:14,20
DA:15,20
DA:16,20
DA:17,20
DA:18,20
DA:19,20
DA:20,20
DA:21,20
DA:22,20
DA:26,40
DA:29,16
DA:31,4
DA:32,2
DA:33,2
DA:35,16
DA:37,2
DA:38,2
DA:40,16
DA:42,2
DA:43,2
DA:44,2
DA:45,2
DA:47,16
DA:49,4
DA:50,2
DA:51,2
DA:52,2
DA:54,16
DA:56,4
DA:57,2
DA:58,2
DA:59,2
DA:61,16
DA:63,4
DA:64,2
DA:65,2
DA:66,2
DA:68,16
DA:70,4
DA:71,2
DA:72,2
DA:73,2
DA:74,2
DA:76,16
DA:78,4
DA:79,2
DA:80,2
DA:81,2
DA:82,2
DA:84,16
DA:86,4
DA:87,2
DA:88,2
DA:89,2
DA:90,2
DA:91,2
DA:92,2
DA:94,16
DA:96,2
DA:97,4
DA:98,2
DA:99,2
DA:100,2
DA:102,8
LF:68
LH:68
end_of_record
TN:
SF:/media/mate/Shared/Projects/lmms/plugins/Diginstrument/test/test_main.cpp
FN:4,main
FN:18,_GLOBAL__sub_I_test_main.cpp
FN:18,_Z41__static_initialization_and_destruction_0ii
FNDA:16,main
FNDA:16,_GLOBAL__sub_I_test_main.cpp
FNDA:16,_Z41__static_initialization_and_destruction_0ii
FNF:3
FNH:3
BRDA:6,0,0,16
BRDA:6,0,1,0
BRDA:7,0,3,16
BRDA:7,0,4,0
BRDA:18,3,1,16
BRDA:18,3,2,0
BRDA:18,4,3,16
BRDA:18,4,4,0
BRF:8
BRH:4
DA:4,16
DA:6,16
DA:7,16
DA:8,16
DA:9,16
DA:10,16
DA:11,16
DA:14,0
DA:15,0
DA:16,0
DA:17,0
DA:18,64
LF:12
LH:8
end_of_record
